2022-12-13 19:22:49.837  INFO 5636 --- [Test worker] i.employeems.EmployeeMsApplicationTests  : Starting EmployeeMsApplicationTests using Java 11.0.12 on GreenTorpaq with PID 5636 (started by User in C:\Users\User\Desktop\Employee Project\employee-ms)
2022-12-13 19:22:49.868  INFO 5636 --- [Test worker] i.employeems.EmployeeMsApplicationTests  : No active profile set, falling back to 1 default profile: "default"
2022-12-13 19:22:52.038  INFO 5636 --- [Test worker] .s.d.r.c.RepositoryConfigurationDelegate : Bootstrapping Spring Data JPA repositories in DEFAULT mode.
2022-12-13 19:22:52.128  INFO 5636 --- [Test worker] .s.d.r.c.RepositoryConfigurationDelegate : Finished Spring Data repository scanning in 81 ms. Found 3 JPA repository interfaces.
2022-12-13 19:22:52.664  INFO 5636 --- [Test worker] com.zaxxer.hikari.HikariDataSource       : HikariPool-1 - Starting...
2022-12-13 19:22:52.905  INFO 5636 --- [Test worker] com.zaxxer.hikari.HikariDataSource       : HikariPool-1 - Start completed.
2022-12-13 19:22:53.116  INFO 5636 --- [Test worker] liquibase.database                       : Set default schema name to public
2022-12-13 19:22:53.220  INFO 5636 --- [Test worker] liquibase.lockservice                    : Successfully acquired change log lock
2022-12-13 19:22:53.268  INFO 5636 --- [Test worker] liquibase.changelog                      : Reading resource: db/changelog/v1.0/1.0.0-create_department.yaml
2022-12-13 19:22:53.428  INFO 5636 --- [Test worker] liquibase.changelog                      : Reading resource: db/changelog/v1.0/1.0.1-create_position.yaml
2022-12-13 19:22:53.436  INFO 5636 --- [Test worker] liquibase.changelog                      : Reading resource: db/changelog/v1.0/1.0.2-create_employee.yaml
2022-12-13 19:22:53.547  INFO 5636 --- [Test worker] liquibase.changelog                      : Reading from public.databasechangelog
2022-12-13 19:22:53.605  INFO 5636 --- [Test worker] liquibase.lockservice                    : Successfully released change log lock
2022-12-13 19:22:53.728  INFO 5636 --- [Test worker] o.hibernate.jpa.internal.util.LogHelper  : HHH000204: Processing PersistenceUnitInfo [name: default]
2022-12-13 19:22:53.775  INFO 5636 --- [Test worker] org.hibernate.Version                    : HHH000412: Hibernate ORM core version 5.6.12.Final
2022-12-13 19:22:54.044  INFO 5636 --- [Test worker] o.hibernate.annotations.common.Version   : HCANN000001: Hibernate Commons Annotations {5.1.2.Final}
2022-12-13 19:22:54.206  INFO 5636 --- [Test worker] org.hibernate.dialect.Dialect            : HHH000400: Using dialect: org.hibernate.dialect.PostgreSQL10Dialect
2022-12-13 19:22:54.974  INFO 5636 --- [Test worker] o.h.e.t.j.p.i.JtaPlatformInitiator       : HHH000490: Using JtaPlatform implementation: [org.hibernate.engine.transaction.jta.platform.internal.NoJtaPlatform]
2022-12-13 19:22:54.990  INFO 5636 --- [Test worker] j.LocalContainerEntityManagerFactoryBean : Initialized JPA EntityManagerFactory for persistence unit 'default'
2022-12-13 19:22:55.763  WARN 5636 --- [Test worker] JpaBaseConfiguration$JpaWebConfiguration : spring.jpa.open-in-view is enabled by default. Therefore, database queries may be performed during view rendering. Explicitly configure spring.jpa.open-in-view to disable this warning
2022-12-13 19:22:56.790  INFO 5636 --- [Test worker] i.employeems.EmployeeMsApplicationTests  : Started EmployeeMsApplicationTests in 7.803 seconds (JVM running for 9.955)
2022-12-13 19:22:56.980  INFO 5636 --- [SpringApplicationShutdownHook] j.LocalContainerEntityManagerFactoryBean : Closing JPA EntityManagerFactory for persistence unit 'default'
2022-12-13 19:22:56.980  INFO 5636 --- [SpringApplicationShutdownHook] com.zaxxer.hikari.HikariDataSource       : HikariPool-1 - Shutdown initiated...
2022-12-13 19:22:56.996  INFO 5636 --- [SpringApplicationShutdownHook] com.zaxxer.hikari.HikariDataSource       : HikariPool-1 - Shutdown completed.
